INFO:root:DataFrameの作成 完了
INFO:root:j = 1
DEBUG:urllib3.connectionpool:Starting new HTTP connection (1): race.sp.netkeiba.com:80
DEBUG:urllib3.connectionpool:http://race.sp.netkeiba.com:80 "GET /?pid=race_result&race_id=201801010101 HTTP/1.1" 301 226
DEBUG:urllib3.connectionpool:Starting new HTTPS connection (1): race.sp.netkeiba.com:443
DEBUG:urllib3.connectionpool:https://race.sp.netkeiba.com:443 "GET /?pid=race_result&race_id=201801010101 HTTP/1.1" 200 16624
INFO:root:共通部分抜き出し 完了
DEBUG:urllib3.connectionpool:Starting new HTTP connection (1): race.sp.netkeiba.com:80
DEBUG:urllib3.connectionpool:http://race.sp.netkeiba.com:80 "GET /?pid=race_result&race_id=201801010102 HTTP/1.1" 301 227
DEBUG:urllib3.connectionpool:Starting new HTTPS connection (1): race.sp.netkeiba.com:443
DEBUG:urllib3.connectionpool:https://race.sp.netkeiba.com:443 "GET /?pid=race_result&race_id=201801010102 HTTP/1.1" 200 17245
INFO:root:共通部分抜き出し 完了
DEBUG:urllib3.connectionpool:Starting new HTTP connection (1): race.sp.netkeiba.com:80
DEBUG:urllib3.connectionpool:http://race.sp.netkeiba.com:80 "GET /?pid=race_result&race_id=201801010103 HTTP/1.1" 301 227
DEBUG:urllib3.connectionpool:Starting new HTTPS connection (1): race.sp.netkeiba.com:443
DEBUG:urllib3.connectionpool:https://race.sp.netkeiba.com:443 "GET /?pid=race_result&race_id=201801010103 HTTP/1.1" 200 17192
INFO:root:共通部分抜き出し 完了
DEBUG:urllib3.connectionpool:Starting new HTTP connection (1): race.sp.netkeiba.com:80
DEBUG:urllib3.connectionpool:http://race.sp.netkeiba.com:80 "GET /?pid=race_result&race_id=201801010104 HTTP/1.1" 301 228
DEBUG:urllib3.connectionpool:Starting new HTTPS connection (1): race.sp.netkeiba.com:443
DEBUG:urllib3.connectionpool:https://race.sp.netkeiba.com:443 "GET /?pid=race_result&race_id=201801010104 HTTP/1.1" 200 17601
INFO:root:共通部分抜き出し 完了
DEBUG:urllib3.connectionpool:Starting new HTTP connection (1): race.sp.netkeiba.com:80
DEBUG:urllib3.connectionpool:http://race.sp.netkeiba.com:80 "GET /?pid=race_result&race_id=201801010105 HTTP/1.1" 301 228
DEBUG:urllib3.connectionpool:Starting new HTTPS connection (1): race.sp.netkeiba.com:443
DEBUG:urllib3.connectionpool:https://race.sp.netkeiba.com:443 "GET /?pid=race_result&race_id=201801010105 HTTP/1.1" 200 17436
INFO:root:共通部分抜き出し 完了
DEBUG:urllib3.connectionpool:Starting new HTTP connection (1): race.sp.netkeiba.com:80
DEBUG:urllib3.connectionpool:http://race.sp.netkeiba.com:80 "GET /?pid=race_result&race_id=201801010106 HTTP/1.1" 301 228
DEBUG:urllib3.connectionpool:Starting new HTTPS connection (1): race.sp.netkeiba.com:443
DEBUG:urllib3.connectionpool:https://race.sp.netkeiba.com:443 "GET /?pid=race_result&race_id=201801010106 HTTP/1.1" 200 17433
INFO:root:共通部分抜き出し 完了
DEBUG:urllib3.connectionpool:Starting new HTTP connection (1): race.sp.netkeiba.com:80
DEBUG:urllib3.connectionpool:http://race.sp.netkeiba.com:80 "GET /?pid=race_result&race_id=201801010107 HTTP/1.1" 301 228
DEBUG:urllib3.connectionpool:Starting new HTTPS connection (1): race.sp.netkeiba.com:443
DEBUG:urllib3.connectionpool:https://race.sp.netkeiba.com:443 "GET /?pid=race_result&race_id=201801010107 HTTP/1.1" 200 17365
INFO:root:共通部分抜き出し 完了
DEBUG:urllib3.connectionpool:Starting new HTTP connection (1): race.sp.netkeiba.com:80
DEBUG:urllib3.connectionpool:http://race.sp.netkeiba.com:80 "GET /?pid=race_result&race_id=201801010108 HTTP/1.1" 301 227
DEBUG:urllib3.connectionpool:Starting new HTTPS connection (1): race.sp.netkeiba.com:443
DEBUG:urllib3.connectionpool:https://race.sp.netkeiba.com:443 "GET /?pid=race_result&race_id=201801010108 HTTP/1.1" 200 17108
INFO:root:共通部分抜き出し 完了
DEBUG:urllib3.connectionpool:Starting new HTTP connection (1): race.sp.netkeiba.com:80
DEBUG:urllib3.connectionpool:http://race.sp.netkeiba.com:80 "GET /?pid=race_result&race_id=201801010109 HTTP/1.1" 301 227
DEBUG:urllib3.connectionpool:Starting new HTTPS connection (1): race.sp.netkeiba.com:443
DEBUG:urllib3.connectionpool:https://race.sp.netkeiba.com:443 "GET /?pid=race_result&race_id=201801010109 HTTP/1.1" 200 17518
INFO:root:共通部分抜き出し 完了
DEBUG:urllib3.connectionpool:Starting new HTTP connection (1): race.sp.netkeiba.com:80
DEBUG:urllib3.connectionpool:http://race.sp.netkeiba.com:80 "GET /?pid=race_result&race_id=201801010110 HTTP/1.1" 301 227
DEBUG:urllib3.connectionpool:Starting new HTTPS connection (1): race.sp.netkeiba.com:443
DEBUG:urllib3.connectionpool:https://race.sp.netkeiba.com:443 "GET /?pid=race_result&race_id=201801010110 HTTP/1.1" 200 17659
INFO:root:共通部分抜き出し 完了
DEBUG:urllib3.connectionpool:Starting new HTTP connection (1): race.sp.netkeiba.com:80
DEBUG:urllib3.connectionpool:http://race.sp.netkeiba.com:80 "GET /?pid=race_result&race_id=201801010111 HTTP/1.1" 301 227
DEBUG:urllib3.connectionpool:Starting new HTTPS connection (1): race.sp.netkeiba.com:443
DEBUG:urllib3.connectionpool:https://race.sp.netkeiba.com:443 "GET /?pid=race_result&race_id=201801010111 HTTP/1.1" 200 17640
INFO:root:共通部分抜き出し 完了
DEBUG:urllib3.connectionpool:Starting new HTTP connection (1): race.sp.netkeiba.com:80
DEBUG:urllib3.connectionpool:http://race.sp.netkeiba.com:80 "GET /?pid=race_result&race_id=201801010112 HTTP/1.1" 301 228
DEBUG:urllib3.connectionpool:Starting new HTTPS connection (1): race.sp.netkeiba.com:443
DEBUG:urllib3.connectionpool:https://race.sp.netkeiba.com:443 "GET /?pid=race_result&race_id=201801010112 HTTP/1.1" 200 17284
INFO:root:共通部分抜き出し 完了
DEBUG:urllib3.connectionpool:Starting new HTTP connection (1): race.sp.netkeiba.com:80
DEBUG:urllib3.connectionpool:http://race.sp.netkeiba.com:80 "GET /?pid=race_result&race_id=201801010201 HTTP/1.1" 301 228
DEBUG:urllib3.connectionpool:Starting new HTTPS connection (1): race.sp.netkeiba.com:443
DEBUG:urllib3.connectionpool:https://race.sp.netkeiba.com:443 "GET /?pid=race_result&race_id=201801010201 HTTP/1.1" 200 16799
INFO:root:共通部分抜き出し 完了
DEBUG:urllib3.connectionpool:Starting new HTTP connection (1): race.sp.netkeiba.com:80
DEBUG:urllib3.connectionpool:http://race.sp.netkeiba.com:80 "GET /?pid=race_result&race_id=201801010202 HTTP/1.1" 301 228
DEBUG:urllib3.connectionpool:Starting new HTTPS connection (1): race.sp.netkeiba.com:443
DEBUG:urllib3.connectionpool:https://race.sp.netkeiba.com:443 "GET /?pid=race_result&race_id=201801010202 HTTP/1.1" 200 17318
INFO:root:共通部分抜き出し 完了
DEBUG:urllib3.connectionpool:Starting new HTTP connection (1): race.sp.netkeiba.com:80
DEBUG:urllib3.connectionpool:http://race.sp.netkeiba.com:80 "GET /?pid=race_result&race_id=201801010203 HTTP/1.1" 301 228
DEBUG:urllib3.connectionpool:Starting new HTTPS connection (1): race.sp.netkeiba.com:443
DEBUG:urllib3.connectionpool:https://race.sp.netkeiba.com:443 "GET /?pid=race_result&race_id=201801010203 HTTP/1.1" 200 17634
INFO:root:共通部分抜き出し 完了
DEBUG:urllib3.connectionpool:Starting new HTTP connection (1): race.sp.netkeiba.com:80
DEBUG:urllib3.connectionpool:http://race.sp.netkeiba.com:80 "GET /?pid=race_result&race_id=201801010204 HTTP/1.1" 301 229
DEBUG:urllib3.connectionpool:Starting new HTTPS connection (1): race.sp.netkeiba.com:443
DEBUG:urllib3.connectionpool:https://race.sp.netkeiba.com:443 "GET /?pid=race_result&race_id=201801010204 HTTP/1.1" 200 17533
INFO:root:共通部分抜き出し 完了
DEBUG:urllib3.connectionpool:Starting new HTTP connection (1): race.sp.netkeiba.com:80
DEBUG:urllib3.connectionpool:http://race.sp.netkeiba.com:80 "GET /?pid=race_result&race_id=201801010205 HTTP/1.1" 301 229
DEBUG:urllib3.connectionpool:Starting new HTTPS connection (1): race.sp.netkeiba.com:443
DEBUG:urllib3.connectionpool:https://race.sp.netkeiba.com:443 "GET /?pid=race_result&race_id=201801010205 HTTP/1.1" 200 17117
INFO:root:共通部分抜き出し 完了
DEBUG:urllib3.connectionpool:Starting new HTTP connection (1): race.sp.netkeiba.com:80
DEBUG:urllib3.connectionpool:http://race.sp.netkeiba.com:80 "GET /?pid=race_result&race_id=201801010206 HTTP/1.1" 301 229
DEBUG:urllib3.connectionpool:Starting new HTTPS connection (1): race.sp.netkeiba.com:443
DEBUG:urllib3.connectionpool:https://race.sp.netkeiba.com:443 "GET /?pid=race_result&race_id=201801010206 HTTP/1.1" 200 17541
INFO:root:共通部分抜き出し 完了
DEBUG:urllib3.connectionpool:Starting new HTTP connection (1): race.sp.netkeiba.com:80
DEBUG:urllib3.connectionpool:http://race.sp.netkeiba.com:80 "GET /?pid=race_result&race_id=201801010207 HTTP/1.1" 301 229
DEBUG:urllib3.connectionpool:Starting new HTTPS connection (1): race.sp.netkeiba.com:443
DEBUG:urllib3.connectionpool:https://race.sp.netkeiba.com:443 "GET /?pid=race_result&race_id=201801010207 HTTP/1.1" 200 17079
INFO:root:共通部分抜き出し 完了
DEBUG:urllib3.connectionpool:Starting new HTTP connection (1): race.sp.netkeiba.com:80
DEBUG:urllib3.connectionpool:http://race.sp.netkeiba.com:80 "GET /?pid=race_result&race_id=201801010208 HTTP/1.1" 301 228
DEBUG:urllib3.connectionpool:Starting new HTTPS connection (1): race.sp.netkeiba.com:443
DEBUG:urllib3.connectionpool:https://race.sp.netkeiba.com:443 "GET /?pid=race_result&race_id=201801010208 HTTP/1.1" 200 17755
INFO:root:共通部分抜き出し 完了
DEBUG:urllib3.connectionpool:Starting new HTTP connection (1): race.sp.netkeiba.com:80
DEBUG:urllib3.connectionpool:http://race.sp.netkeiba.com:80 "GET /?pid=race_result&race_id=201801010209 HTTP/1.1" 301 229
DEBUG:urllib3.connectionpool:Starting new HTTPS connection (1): race.sp.netkeiba.com:443
DEBUG:urllib3.connectionpool:https://race.sp.netkeiba.com:443 "GET /?pid=race_result&race_id=201801010209 HTTP/1.1" 200 17027
INFO:root:共通部分抜き出し 完了
DEBUG:urllib3.connectionpool:Starting new HTTP connection (1): race.sp.netkeiba.com:80
DEBUG:urllib3.connectionpool:http://race.sp.netkeiba.com:80 "GET /?pid=race_result&race_id=201801010210 HTTP/1.1" 301 228
DEBUG:urllib3.connectionpool:Starting new HTTPS connection (1): race.sp.netkeiba.com:443
DEBUG:urllib3.connectionpool:https://race.sp.netkeiba.com:443 "GET /?pid=race_result&race_id=201801010210 HTTP/1.1" 200 17489
INFO:root:共通部分抜き出し 完了
DEBUG:urllib3.connectionpool:Starting new HTTP connection (1): race.sp.netkeiba.com:80
DEBUG:urllib3.connectionpool:http://race.sp.netkeiba.com:80 "GET /?pid=race_result&race_id=201801010211 HTTP/1.1" 301 228
DEBUG:urllib3.connectionpool:Starting new HTTPS connection (1): race.sp.netkeiba.com:443
DEBUG:urllib3.connectionpool:https://race.sp.netkeiba.com:443 "GET /?pid=race_result&race_id=201801010211 HTTP/1.1" 200 17369
INFO:root:共通部分抜き出し 完了
DEBUG:urllib3.connectionpool:Starting new HTTP connection (1): race.sp.netkeiba.com:80
DEBUG:urllib3.connectionpool:http://race.sp.netkeiba.com:80 "GET /?pid=race_result&race_id=201801010212 HTTP/1.1" 301 228
DEBUG:urllib3.connectionpool:Starting new HTTPS connection (1): race.sp.netkeiba.com:443
DEBUG:urllib3.connectionpool:https://race.sp.netkeiba.com:443 "GET /?pid=race_result&race_id=201801010212 HTTP/1.1" 200 17179
INFO:root:共通部分抜き出し 完了
DEBUG:urllib3.connectionpool:Starting new HTTP connection (1): race.sp.netkeiba.com:80
DEBUG:urllib3.connectionpool:http://race.sp.netkeiba.com:80 "GET /?pid=race_result&race_id=201801010301 HTTP/1.1" 301 228
DEBUG:urllib3.connectionpool:Starting new HTTPS connection (1): race.sp.netkeiba.com:443
DEBUG:urllib3.connectionpool:https://race.sp.netkeiba.com:443 "GET /?pid=race_result&race_id=201801010301 HTTP/1.1" 200 17284
INFO:root:共通部分抜き出し 完了
DEBUG:urllib3.connectionpool:Starting new HTTP connection (1): race.sp.netkeiba.com:80
DEBUG:urllib3.connectionpool:http://race.sp.netkeiba.com:80 "GET /?pid=race_result&race_id=201801010302 HTTP/1.1" 301 228
DEBUG:urllib3.connectionpool:Starting new HTTPS connection (1): race.sp.netkeiba.com:443
DEBUG:urllib3.connectionpool:https://race.sp.netkeiba.com:443 "GET /?pid=race_result&race_id=201801010302 HTTP/1.1" 200 17503
INFO:root:共通部分抜き出し 完了
DEBUG:urllib3.connectionpool:Starting new HTTP connection (1): race.sp.netkeiba.com:80
DEBUG:urllib3.connectionpool:http://race.sp.netkeiba.com:80 "GET /?pid=race_result&race_id=201801010303 HTTP/1.1" 301 228
DEBUG:urllib3.connectionpool:Starting new HTTPS connection (1): race.sp.netkeiba.com:443
DEBUG:urllib3.connectionpool:https://race.sp.netkeiba.com:443 "GET /?pid=race_result&race_id=201801010303 HTTP/1.1" 200 17735
INFO:root:共通部分抜き出し 完了
DEBUG:urllib3.connectionpool:Starting new HTTP connection (1): race.sp.netkeiba.com:80
DEBUG:urllib3.connectionpool:http://race.sp.netkeiba.com:80 "GET /?pid=race_result&race_id=201801010304 HTTP/1.1" 301 229
DEBUG:urllib3.connectionpool:Starting new HTTPS connection (1): race.sp.netkeiba.com:443
DEBUG:urllib3.connectionpool:https://race.sp.netkeiba.com:443 "GET /?pid=race_result&race_id=201801010304 HTTP/1.1" 200 17587
INFO:root:共通部分抜き出し 完了
DEBUG:urllib3.connectionpool:Starting new HTTP connection (1): race.sp.netkeiba.com:80
DEBUG:urllib3.connectionpool:http://race.sp.netkeiba.com:80 "GET /?pid=race_result&race_id=201801010305 HTTP/1.1" 301 229
DEBUG:urllib3.connectionpool:Starting new HTTPS connection (1): race.sp.netkeiba.com:443
DEBUG:urllib3.connectionpool:https://race.sp.netkeiba.com:443 "GET /?pid=race_result&race_id=201801010305 HTTP/1.1" 200 17229
INFO:root:共通部分抜き出し 完了
DEBUG:urllib3.connectionpool:Starting new HTTP connection (1): race.sp.netkeiba.com:80
DEBUG:urllib3.connectionpool:http://race.sp.netkeiba.com:80 "GET /?pid=race_result&race_id=201801010306 HTTP/1.1" 301 229
DEBUG:urllib3.connectionpool:Starting new HTTPS connection (1): race.sp.netkeiba.com:443
DEBUG:urllib3.connectionpool:https://race.sp.netkeiba.com:443 "GET /?pid=race_result&race_id=201801010306 HTTP/1.1" 200 17696
INFO:root:共通部分抜き出し 完了
DEBUG:urllib3.connectionpool:Starting new HTTP connection (1): race.sp.netkeiba.com:80
DEBUG:urllib3.connectionpool:http://race.sp.netkeiba.com:80 "GET /?pid=race_result&race_id=201801010307 HTTP/1.1" 301 229
DEBUG:urllib3.connectionpool:Starting new HTTPS connection (1): race.sp.netkeiba.com:443
DEBUG:urllib3.connectionpool:https://race.sp.netkeiba.com:443 "GET /?pid=race_result&race_id=201801010307 HTTP/1.1" 200 17377
INFO:root:共通部分抜き出し 完了
DEBUG:urllib3.connectionpool:Starting new HTTP connection (1): race.sp.netkeiba.com:80
DEBUG:urllib3.connectionpool:http://race.sp.netkeiba.com:80 "GET /?pid=race_result&race_id=201801010308 HTTP/1.1" 301 228
DEBUG:urllib3.connectionpool:Starting new HTTPS connection (1): race.sp.netkeiba.com:443
DEBUG:urllib3.connectionpool:https://race.sp.netkeiba.com:443 "GET /?pid=race_result&race_id=201801010308 HTTP/1.1" 200 17536
INFO:root:共通部分抜き出し 完了
DEBUG:urllib3.connectionpool:Starting new HTTP connection (1): race.sp.netkeiba.com:80
DEBUG:urllib3.connectionpool:http://race.sp.netkeiba.com:80 "GET /?pid=race_result&race_id=201801010309 HTTP/1.1" 301 229
DEBUG:urllib3.connectionpool:Starting new HTTPS connection (1): race.sp.netkeiba.com:443
DEBUG:urllib3.connectionpool:https://race.sp.netkeiba.com:443 "GET /?pid=race_result&race_id=201801010309 HTTP/1.1" 200 17630
INFO:root:共通部分抜き出し 完了
DEBUG:urllib3.connectionpool:Starting new HTTP connection (1): race.sp.netkeiba.com:80
DEBUG:urllib3.connectionpool:http://race.sp.netkeiba.com:80 "GET /?pid=race_result&race_id=201801010310 HTTP/1.1" 301 228
DEBUG:urllib3.connectionpool:Starting new HTTPS connection (1): race.sp.netkeiba.com:443
DEBUG:urllib3.connectionpool:https://race.sp.netkeiba.com:443 "GET /?pid=race_result&race_id=201801010310 HTTP/1.1" 200 17492
INFO:root:共通部分抜き出し 完了
DEBUG:urllib3.connectionpool:Starting new HTTP connection (1): race.sp.netkeiba.com:80
DEBUG:urllib3.connectionpool:http://race.sp.netkeiba.com:80 "GET /?pid=race_result&race_id=201801010311 HTTP/1.1" 301 228
DEBUG:urllib3.connectionpool:Starting new HTTPS connection (1): race.sp.netkeiba.com:443
DEBUG:urllib3.connectionpool:https://race.sp.netkeiba.com:443 "GET /?pid=race_result&race_id=201801010311 HTTP/1.1" 200 17712
INFO:root:共通部分抜き出し 完了
DEBUG:urllib3.connectionpool:Starting new HTTP connection (1): race.sp.netkeiba.com:80
DEBUG:urllib3.connectionpool:http://race.sp.netkeiba.com:80 "GET /?pid=race_result&race_id=201801010312 HTTP/1.1" 301 228
DEBUG:urllib3.connectionpool:Starting new HTTPS connection (1): race.sp.netkeiba.com:443
DEBUG:urllib3.connectionpool:https://race.sp.netkeiba.com:443 "GET /?pid=race_result&race_id=201801010312 HTTP/1.1" 200 17605
INFO:root:共通部分抜き出し 完了
DEBUG:urllib3.connectionpool:Starting new HTTP connection (1): race.sp.netkeiba.com:80
DEBUG:urllib3.connectionpool:http://race.sp.netkeiba.com:80 "GET /?pid=race_result&race_id=201801010401 HTTP/1.1" 301 228
DEBUG:urllib3.connectionpool:Starting new HTTPS connection (1): race.sp.netkeiba.com:443
DEBUG:urllib3.connectionpool:https://race.sp.netkeiba.com:443 "GET /?pid=race_result&race_id=201801010401 HTTP/1.1" 200 16892
INFO:root:共通部分抜き出し 完了
